                              1 ;--------------------------------------------------------
                              2 ; File Created by SDCC : free open source ANSI-C Compiler
                              3 ; Version 4.0.0 #11528 (Linux)
                              4 ;--------------------------------------------------------
                              5 	.module cpm
                              6 	.optsdcc -mz80
                              7 	
                              8 ;--------------------------------------------------------
                              9 ; Public variables in this module
                             10 ;--------------------------------------------------------
                             11 	.globl _main
                             12 	.globl _foo
                             13 ;--------------------------------------------------------
                             14 ; special function registers
                             15 ;--------------------------------------------------------
                             16 ;--------------------------------------------------------
                             17 ; ram data
                             18 ;--------------------------------------------------------
                             19 	.area _DATA
                             20 ;--------------------------------------------------------
                             21 ; ram data
                             22 ;--------------------------------------------------------
                             23 	.area _INITIALIZED
   0000                      24 _foo::
   0000                      25 	.ds 1
                             26 ;--------------------------------------------------------
                             27 ; absolute external ram data
                             28 ;--------------------------------------------------------
                             29 	.area _DABS (ABS)
                             30 ;--------------------------------------------------------
                             31 ; global & static initialisations
                             32 ;--------------------------------------------------------
                             33 	.area _HOME
                             34 	.area _GSINIT
                             35 	.area _GSFINAL
                             36 	.area _GSINIT
                             37 ;--------------------------------------------------------
                             38 ; Home
                             39 ;--------------------------------------------------------
                             40 	.area _HOME
                             41 	.area _HOME
                             42 ;--------------------------------------------------------
                             43 ; code
                             44 ;--------------------------------------------------------
                             45 	.area _CODE
                             46 ;./cpm.c:4: void main() __naked {
                             47 ;	---------------------------------
                             48 ; Function main
                             49 ; ---------------------------------
   0000                      50 _main::
                             51 ;./cpm.c:5: foo = 0xaa;
   0000 FD 21r00r00   [14]   52 	ld	iy, #_foo
   0004 FD 36 00 AA   [19]   53 	ld	0 (iy), #0xaa
                             54 ;./cpm.c:6: }
                             55 	.area _CODE
                             56 	.area _INITIALIZER
   0000                      57 __xinit__foo:
   0000 44                   58 	.db #0x44	; 68	'D'
                             59 	.area _CABS (ABS)
